<?xml version="1.0" encoding="UTF-8"?>
<!-- Generated by org.testng.reporters.JUnitXMLReporter -->
<testsuite hostname="Krish" ignored="0" name="Test" tests="4" failures="0" timestamp="2020-04-14T10:13:00 IST" time="0.203" errors="0">
  <testcase name="MobileCloseBrowser" time="0.016" classname="krishnaSelenium.MoblieTest"/>
  <testcase name="MoblieBrowserOpen" time="0.0" classname="krishnaSelenium.MoblieTest"/>
  <testcase name="BrowserOpen" time="0.0" classname="krishnaSelenium.SeleniumTest"/>
  <testcase name="CloseBrowser" time="0.0" classname="krishnaSelenium.SeleniumTest"/>
</testsuite> <!-- Test -->
